<?xml version="1.0" encoding="UTF-8"?>
<!-- Generated by org.testng.reporters.JUnitXMLReporter -->
<testsuite ignored="0" hostname="DESKTOP-79JM2V3" failures="0" tests="4" name="Surefire test" time="15.554" errors="0" timestamp="2025-09-15T14:49:34 IST">
  <testcase classname="com.transflower.CanvasTest" name="canvas_element_exists" time="0.67"/>
  <testcase classname="com.transflower.DownloadTest" name="verify_download_link_exists" time="0.646"/>
  <testcase classname="com.transflower.LoginTest" name="testLoginButtonExists" time="0.588"/>
  <testcase classname="com.transflower.LoginTest" name="testLoginPageTitle" time="0.074"/>
</testsuite> <!-- Surefire test -->
