<?xml version="1.0" encoding="UTF-8"?>
<!-- Generated by org.testng.reporters.JUnitXMLReporter -->
<testsuite ignored="0" hostname="DESKTOP-79JM2V3" failures="0" tests="7" name="Surefire test" time="6.403" errors="0" timestamp="2025-09-19T12:35:21 IST">
  <testcase classname="com.test.app.LoginTest" name="testName" time="0.569"/>
  <testcase classname="com.test.app.LoginTest" name="testPassword" time="0.13"/>
  <testcase classname="com.test.app.LoginTest" name="testTitle" time="0.064"/>
  <testcase classname="com.test.app.RegisterTest" name="testName" time="0.517"/>
  <testcase classname="com.test.app.RegisterTest" name="testNumber" time="0.312"/>
  <testcase classname="com.test.app.RegisterTest" name="testdate" time="0.138"/>
  <testcase classname="com.test.app.RegisterTest" name="testmail" time="0.106"/>
</testsuite> <!-- Surefire test -->
