<?xml version="1.0" encoding="UTF-8"?>
<!-- Generated by org.testng.reporters.JUnitXMLReporter -->
<testsuite ignored="0" hostname="DESKTOP-79JM2V3" failures="0" tests="4" name="Surefire test" time="17.049" errors="0" timestamp="2025-09-19T17:36:38 IST">
  <testcase classname="com.test.app.LoginTest" name="testName" time="1.917"/>
  <testcase classname="com.test.app.LoginTest" name="testPassword" time="0.119"/>
  <testcase classname="com.test.app.LoginTest" name="testTitle" time="0.082"/>
  <testcase classname="com.test.app.RegisterTest" name="testName" time="5.005"/>
</testsuite> <!-- Surefire test -->
