<?xml version="1.0" encoding="UTF-8"?>
<testng-results ignored="0" total="4" passed="4" failed="0" skipped="0">
  <reporter-output>
  </reporter-output>
  <suite started-at="2025-09-15T14:49:19 IST" name="Surefire suite" finished-at="2025-09-15T14:49:34 IST" duration-ms="15554">
    <groups>
    </groups>
    <test started-at="2025-09-15T14:49:19 IST" name="Surefire test" finished-at="2025-09-15T14:49:34 IST" duration-ms="15554">
      <class name="com.transflower.LoginTest">
        <test-method is-config="true" signature="setup()[pri:0, instance:com.transflower.LoginTest@6b4a4e18]" started-at="2025-09-15T14:49:30 IST" name="setup" finished-at="2025-09-15T14:49:33 IST" duration-ms="2227" status="PASS">
          <reporter-output>
          </reporter-output>
        </test-method> <!-- setup -->
        <test-method signature="testLoginButtonExists()[pri:0, instance:com.transflower.LoginTest@6b4a4e18]" started-at="2025-09-15T14:49:33 IST" name="testLoginButtonExists" finished-at="2025-09-15T14:49:33 IST" duration-ms="588" status="PASS">
          <reporter-output>
          </reporter-output>
        </test-method> <!-- testLoginButtonExists -->
        <test-method signature="testLoginPageTitle()[pri:0, instance:com.transflower.LoginTest@6b4a4e18]" started-at="2025-09-15T14:49:33 IST" name="testLoginPageTitle" finished-at="2025-09-15T14:49:33 IST" duration-ms="74" status="PASS">
          <reporter-output>
          </reporter-output>
        </test-method> <!-- testLoginPageTitle -->
        <test-method is-config="true" signature="teardown()[pri:0, instance:com.transflower.LoginTest@6b4a4e18]" started-at="2025-09-15T14:49:33 IST" name="teardown" finished-at="2025-09-15T14:49:34 IST" duration-ms="834" status="PASS">
          <reporter-output>
          </reporter-output>
        </test-method> <!-- teardown -->
      </class> <!-- com.transflower.LoginTest -->
      <class name="com.transflower.CanvasTest">
        <test-method is-config="true" signature="setUp()[pri:0, instance:com.transflower.CanvasTest@501edcf1]" started-at="2025-09-15T14:49:19 IST" name="setUp" finished-at="2025-09-15T14:49:25 IST" duration-ms="5852" status="PASS">
          <reporter-output>
          </reporter-output>
        </test-method> <!-- setUp -->
        <test-method signature="canvas_element_exists()[pri:0, instance:com.transflower.CanvasTest@501edcf1]" started-at="2025-09-15T14:49:25 IST" name="canvas_element_exists" finished-at="2025-09-15T14:49:25 IST" duration-ms="670" status="PASS">
          <reporter-output>
          </reporter-output>
        </test-method> <!-- canvas_element_exists -->
        <test-method is-config="true" signature="tearDown()[pri:0, instance:com.transflower.CanvasTest@501edcf1]" started-at="2025-09-15T14:49:25 IST" name="tearDown" finished-at="2025-09-15T14:49:27 IST" duration-ms="1526" status="PASS">
          <reporter-output>
          </reporter-output>
        </test-method> <!-- tearDown -->
      </class> <!-- com.transflower.CanvasTest -->
      <class name="com.transflower.DownloadTest">
        <test-method is-config="true" signature="setUp()[pri:0, instance:com.transflower.DownloadTest@78b729e6]" started-at="2025-09-15T14:49:27 IST" name="setUp" finished-at="2025-09-15T14:49:29 IST" duration-ms="1863" status="PASS">
          <reporter-output>
          </reporter-output>
        </test-method> <!-- setUp -->
        <test-method signature="verify_download_link_exists()[pri:0, instance:com.transflower.DownloadTest@78b729e6]" started-at="2025-09-15T14:49:29 IST" name="verify_download_link_exists" finished-at="2025-09-15T14:49:29 IST" duration-ms="646" status="PASS">
          <reporter-output>
          </reporter-output>
        </test-method> <!-- verify_download_link_exists -->
        <test-method is-config="true" signature="tearDown()[pri:0, instance:com.transflower.DownloadTest@78b729e6]" started-at="2025-09-15T14:49:29 IST" name="tearDown" finished-at="2025-09-15T14:49:30 IST" duration-ms="1160" status="PASS">
          <reporter-output>
          </reporter-output>
        </test-method> <!-- tearDown -->
      </class> <!-- com.transflower.DownloadTest -->
    </test> <!-- Surefire test -->
  </suite> <!-- Surefire suite -->
</testng-results>
